make.exe all --print-data-base --no-builtin-variables --no-builtin-rules --question
# GNU Make 4.3
# Built for Windows32
# Copyright (C) 1988-2020 Free Software Foundation, Inc.
# License GPLv3+: GNU GPL version 3 or later <http://gnu.org/licenses/gpl.html>
# This is free software: you are free to change and redistribute it.
# There is NO WARRANTY, to the extent permitted by law.

# Make data base, printed on Sat Mar 08 14:13:39 2025

# Variables

# environment
SYSTEMDRIVE = C:
# environment
LC_ALL = C
# environment
VBOX_HWVIRTEX_IGNORE_SVM_IN_USE = 1
# environment
OCULUSBASE = C:\Program Files\Oculus\
# environment
USERPROFILE = C:\Users\Kyle
# environment
LOCALAPPDATA = C:\Users\Kyle\AppData\Local
# environment
VSCODE_CRASH_REPORTER_PROCESS_TYPE = extensionHost
# environment
VSCODE_CWD = C:\Users\Kyle\AppData\Local\Programs\Microsoft VS Code
# environment
SYSTEMROOT = C:\WINDOWS
# environment
PROCESSOR_LEVEL = 23
# environment
PSMODULEPATH = C:\Program Files\WindowsPowerShell\Modules;C:\WINDOWS\system32\WindowsPowerShell\v1.0\Modules
# default
MAKE_COMMAND := make.exe
# environment
APPLICATIONINSIGHTS_CONFIGURATION_CONTENT = {}
# automatic
@D = $(patsubst %/,%,$(patsubst %\,%,$(dir $@)))
# environment
CHROME_CRASHPAD_PIPE_NAME = \\.\pipe\crashpad_21652_XJFITQTVTEZJSZCZ
# environment
VSCODE_HANDLES_UNCAUGHT_ERRORS = true
# environment
VK_SDK_PATH = C:\VulkanSDK\1.3.290.0
# default
.VARIABLES := 
# automatic
%D = $(patsubst %/,%,$(patsubst %\,%,$(dir $%)))
# automatic
^D = $(patsubst %/,%,$(patsubst %\,%,$(dir $^)))
# automatic
%F = $(notdir $%)
# environment
VSCODE_CODE_CACHE_PATH = C:\Users\Kyle\AppData\Roaming\Code\CachedData\6609ac3d66f4eade5cf376d1cb76f13985724bcb
# environment
LANG = C
# default
.LOADED := 
# environment
TMP = C:\Users\Kyle\AppData\Local\Temp
# default
.INCLUDE_DIRS = .
# makefile
MAKEFLAGS = pqrR
# environment
ONEDRIVE = C:\Users\Kyle\OneDrive
# makefile
CURDIR := c:/SEngine
# environment
APPLICATION_INSIGHTS_NO_DIAGNOSTIC_CHANNEL = true
# automatic
*D = $(patsubst %/,%,$(patsubst %\,%,$(dir $*)))
# environment
PROGRAMFILES = C:\Program Files
# environment
MFLAGS = -pqrR
# default
.SHELLFLAGS := -c
# environment
COMMONPROGRAMW6432 = C:\Program Files\Common Files
# automatic
+D = $(patsubst %/,%,$(patsubst %\,%,$(dir $+)))
# makefile
MAKEFILE_LIST := 
# automatic
@F = $(notdir $@)
# environment
VSCODE_PID = 21652
# environment
CUDA_PATH = C:\Program Files\NVIDIA GPU 
make: *** No rule to make target 'all'.  Stop.

 Computing Toolkit\CUDA\v11.8
# automatic
?D = $(patsubst %/,%,$(patsubst %\,%,$(dir $?)))
# automatic
*F = $(notdir $*)
# environment
CUDA_PATH_V11_8 = C:\Program Files\NVIDIA GPU Computing Toolkit\CUDA\v11.8
# environment
TESSDATA_PREFIX = C:\Program Files (x86)\Tesseract-OCR\
# automatic
<D = $(patsubst %/,%,$(patsubst %\,%,$(dir $<)))
# environment
VSCODE_NLS_CONFIG = {"userLocale":"en-us","osLocale":"en-us","resolvedLanguage":"en","defaultMessagesFile":"C:\\Users\\Kyle\\AppData\\Local\\Programs\\Microsoft VS Code\\resources\\app\\out\\nls.messages.json","locale":"en-us","availableLanguages":{}}
# default
MAKE_HOST := Windows32
# environment
PROGRAMDATA = C:\ProgramData
# default
SHELL := sh.exe
# environment
NVCUDASAMPLES11_3_ROOT = C:\ProgramData\NVIDIA Corporation\CUDA Samples\v11.3
# environment
HOMEPATH = \Users\Kyle
# default
MAKECMDGOALS := all
# environment
DRIVERDATA = C:\Windows\System32\Drivers\DriverData
# environment
COMSPEC = C:\WINDOWS\system32\cmd.exe
# environment
CUDA_PATH_V12_4 = C:\Program Files\NVIDIA GPU Computing Toolkit\CUDA\v12.4
# environment
WINDIR = C:\WINDOWS
# environment
MAKELEVEL := 0
# default
MAKE = $(MAKE_COMMAND)
# environment
PATH = C:\Program Files\Oculus\Support\oculus-runtime;C:\Ruby33-x64\bin;C:\VulkanSDK\1.3.290.0\Bin;C:\Program Files\Common Files\Oracle\Java\javapath;C:\Program Files\Python38\Scripts\;C:\Program Files\Python38\;C:\Windows\system32;C:\Windows;C:\Windows\System32\Wbem;C:\Windows\System32\WindowsPowerShell\v1.0\;C:\Windows\System32\OpenSSH\;C:\Program Files (x86)\NVIDIA Corporation\PhysX\Common;C:\WINDOWS\system32;C:\WINDOWS;C:\WINDOWS\System32\Wbem;C:\WINDOWS\System32\WindowsPowerShell\v1.0\;C:\WINDOWS\System32\OpenSSH\;c:\program files (x86)\steam\steamapps\common\iracing\d3dgear;C:\Program Files\Microsoft SQL Server\150\Tools\Binn\;C:\HashiCorp\Vagrant\bin;C:\Program Files\nodejs\;C:\Program Files\dotnet\;C:\mingw64\bin;C:\Program Files\Git\cmd;C:\Program Files (x86)\Microsoft SQL Server\160\DTS\Binn\;C:\Program Files\NVIDIA Corporation\NVIDIA NvDLISR;C:\Program Files (x86)\Tesseract-OCR;C:\Program Files\CMake\bin;C:\Program Files (x86)\Microsoft Visual Studio\2022\BuildTools\VC\Tools\MSVC\14.42.34433\bin\Hostx64\x64;C:\Program Files\NVIDIA Corporation\Nsight Compute 2022.3.0\;C:\Program Files\NVIDIA GPU Computing Toolkit\CUDA\v12.4\libnvvp;C:\Program Files\NVIDIA GPU Computing Toolkit\CUDA\v12.4\bin;C:\Program Files (x86)\Windows Kits\10\Windows Performance Toolkit\;C:\Users\Kyle\vcpkg;C:\tcc;C:\Users\Kyle\AppData\Local\Programs\Python\Python311\Scripts\;C:\Users\Kyle\AppData\Local\Programs\Python\Python311\;C:\Users\Kyle\AppData\Local\Programs\Python\Launcher\;C:\Users\Kyle\AppData\Local\Programs\Python\Python38\Scripts\;C:\Users\Kyle\AppData\Local\Programs\Python\Python38\;C:\Users\Kyle\AppData\Local\Programs\Python\Python39\Scripts\;C:\Users\Kyle\AppData\Local\Programs\Python\Python39\;C:\Users\Kyle\AppData\Local\Programs\Python\Python37\Scripts\;C:\Users\Kyle\AppData\Local\Programs\Python\Python37\;C:\Users\Kyle\AppData\Local\Microsoft\WindowsApps;C:\MinGW\bin;C:\Users\Kyle\AppData\Roaming\npm;C:\Program Files\heroku\bin;C:\Users\Kyle\.dotnet\tools;C:\Users\Kyle\.dotnet\tools;C:\Program Files\Azure Data Studio\bin;C:\Program Files\JetBrains\PyCharm 2023.3.3\bin;C:\Program Files\JetBrains\PyCharm Community Edition 2023.3.3\bin;C:\Program Files\Tesseract-OCR;C:\Users\Kyle\AppData\Local\Programs\Microsoft VS Code\bin;C:\Users\Kyle\AppData\Local\Tesseract-OCR;%USERPROFILE%\.dotnet\tools;C:\Users\Kyle\Exercism
# environment
COMPUTERNAME = DESKTOP-K9JT2U2
# default
MAKEFILES := 
# automatic
^F = $(notdir $^)
# environment
PYCHARM = C:\Program Files\JetBrains\PyCharm 2023.3.3\bin;
# environment
PROMPT = $P$G
# environment
NVTOOLSEXT_PATH = C:\Program Files\NVIDIA Corporation\NvToolsExt\
# environment
CUDA_PATH_V11_3 = C:\Program Files\NVIDIA GPU Computing Toolkit\CUDA\v11.3
# environment
LOGONSERVER = \\DESKTOP-K9JT2U2
# environment
USERNAME = Kyle
# environment
QT_SCALE_FACTOR_ROUNDING_POLICY = RoundPreferFloor
# environment
COMMONPROGRAMFILES = C:\Program Files\Common Files
# environment
VS2022INSTALLDIR = C:\Program Files\Microsoft Visual Studio\2022\Community
# automatic
?F = $(notdir $?)
# environment
PROGRAMW6432 = C:\Program Files
# environment
PATHEXT = .COM;.EXE;.BAT;.CMD;.VBS;.VBE;.JS;.JSE;.WSF;.WSH;.MSC;.RB;.RBW
# automatic
+F = $(notdir $+)
# environment
ORIGINAL_XDG_CURRENT_DESKTOP = undefined
# environment
USERDOMAIN = DESKTOP-K9JT2U2
# 'override' directive
GNUMAKEFLAGS := 
# environment
OS = Windows_NT
# makefile
.DEFAULT_GOAL := 
# default
MAKE_VERSION := 4.3
# environment
PROGRAMFILES(X86) = C:\Program Files (x86)
# environment
NVCUDASAMPLES_ROOT = C:\ProgramData\NVIDIA Corporation\CUDA Samples\v11.3
# environment
USERDOMAIN_ROAMINGPROFILE = DESKTOP-K9JT2U2
# environment
NUMBER_OF_PROCESSORS = 16
# environment
PUBLIC = C:\Users\Public
# environment
NVCUDASAMPLES10_0_ROOT = C:\ProgramData\NVIDIA Corporation\CUDA Samples\v10.0
# environment
APPDATA = C:\Users\Kyle\AppData\Roaming
# environment
HOMEDRIVE = C:
# environment
VULKAN_SDK = C:\VulkanSDK\1.3.290.0
# environment
PROCESSOR_ARCHITECTURE = AMD64
# environment
NVCUDASAMPLES10_2_ROOT = C:\ProgramData\NVIDIA Corporation\CUDA Samples\v10.2
# environment
D3DGEARPATH = c:\program files (x86)\steam\steamapps\common\iracing\d3dgear
# environment
PYCHARM COMMUNITY EDITION = C:\Program Files\JetBrains\PyCharm Community Edition 2023.3.3\bin;
# environment
VSCODE_DOTNET_INSTALL_TOOL_ORIGINAL_HOME = undefined
# environment
COMMONPROGRAMFILES(X86) = C:\Program Files (x86)\Common Files
# environment
ELECTRON_RUN_AS_NODE = 1
# environment
TEMP = C:\Users\Kyle\AppData\Local\Temp
# environment
VSCODE_IPC_HOOK = \\.\pipe\377cfe03-1.98.0-main-sock
# default
.RECIPEPREFIX := 
# automatic
<F = $(notdir $<)
# default
SUFFIXES := 
# environment
ALLUSERSPROFILE = C:\ProgramData
# environment
SESSIONNAME = Console
# default
.FEATURES := target-specific order-only second-expansion else-if shortest-stem undefine oneshell nocomment grouped-target extra-prereqs archives jobserver output-sync load
# environment
PROCESSOR_REVISION = 7100
# environment
VSCODE_ESM_ENTRYPOINT = vs/workbench/api/node/extensionHostProcess
# environment
PROCESSOR_IDENTIFIER = AMD64 Family 23 Model 113 Stepping 0, AuthenticAMD
# variable set hash-table stats:
# Load=108/1024=11%, Rehash=0, Collisions=10/132=8%

# Pattern-specific Variable Values

# No pattern-specific variable values.

# Directories

# . (key c:/SEngine, mtime 1741464775): 5 files, no impossibilities.

# 5 files, no impossibilities in 1 directories.

# Implicit Rules

# No implicit rules.

# Files

# Not a target:
Makefile:
#  Implicit rule search has been done.
#  File does not exist.
#  File has been updated.
#  Failed to be updated.

# Not a target:
.DEFAULT:
#  Implicit rule search has not been done.
#  Modification time never checked.
#  File has not been updated.

# Not a target:
all:
#  Command line target.
#  Implicit rule search has been done.
#  File does not exist.
#  File has not been updated.

# Not a target:
makefile:
#  Implicit rule search has been done.
#  File does not exist.
#  File has been updated.
#  Failed to be updated.

# Not a target:
makefile.mak:
#  Implicit rule search has been done.
#  File does not exist.
#  File has been updated.
#  Failed to be updated.

# Not a target:
GNUmakefile:
#  Implicit rule search has been done.
#  File does not exist.
#  File has been updated.
#  Failed to be updated.

# files hash-table stats:
# Load=7/1024=1%, Rehash=0, Collisions=0/16=0%
# VPATH Search Paths

# No 'vpath' search paths.

# No general ('VPATH' variable) search path.

# strcache buffers: 1 (0) / strings = 12 / storage = 87 B / avg = 7 B
# current buf: size = 8162 B / used = 87 B / count = 12 / avg = 7 B

# strcache performance: lookups = 15 / hit rate = 20%
# hash-table stats:
# Load=12/8192=0%, Rehash=0, Collisions=0/15=0%
# Finished Make data base on Sat Mar 08 14:13:39 2025

 
